0 info it worked if it ends with ok
1 verbose cli [ 'C:\\Program Files\\nodejs\\\\node.exe',
1 verbose cli   'C:\\Program Files\\nodejs\\node_modules\\npm\\bin\\npm-cli.js',
1 verbose cli   'install',
1 verbose cli   'spcket.io',
1 verbose cli   '--save' ]
2 info using npm@1.4.28
3 info using node@v0.10.33
4 verbose node symlink C:\Program Files\nodejs\\node.exe
5 verbose readDependencies using package.json deps
6 verbose cache add [ 'spcket.io', null ]
7 verbose cache add name=undefined spec="spcket.io" args=["spcket.io",null]
8 verbose parsed url { protocol: null,
8 verbose parsed url   slashes: null,
8 verbose parsed url   auth: null,
8 verbose parsed url   host: null,
8 verbose parsed url   port: null,
8 verbose parsed url   hostname: null,
8 verbose parsed url   hash: null,
8 verbose parsed url   search: null,
8 verbose parsed url   query: null,
8 verbose parsed url   pathname: 'spcket.io',
8 verbose parsed url   path: 'spcket.io',
8 verbose parsed url   href: 'spcket.io' }
9 silly lockFile 0560ff98-spcket-io spcket.io
10 verbose lock spcket.io C:\Users\USER\AppData\Roaming\npm-cache\0560ff98-spcket-io.lock
11 silly lockFile 0560ff98-spcket-io spcket.io
12 silly lockFile 0560ff98-spcket-io spcket.io
13 verbose addNamed [ 'spcket.io', '' ]
14 verbose addNamed [ null, '*' ]
15 silly lockFile c30a6d2e-spcket-io spcket.io@
16 verbose lock spcket.io@ C:\Users\USER\AppData\Roaming\npm-cache\c30a6d2e-spcket-io.lock
17 silly addNameRange { name: 'spcket.io', range: '*', hasData: false }
18 verbose request where is /spcket.io
19 verbose request registry https://registry.npmjs.org/
20 verbose request id d911648ff38b3a6c
21 verbose url raw /spcket.io
22 verbose url resolving [ 'https://registry.npmjs.org/', './spcket.io' ]
23 verbose url resolved https://registry.npmjs.org/spcket.io
24 verbose request where is https://registry.npmjs.org/spcket.io
25 info trying registry request attempt 1 at 21:48:09
26 http GET https://registry.npmjs.org/spcket.io
27 http 404 https://registry.npmjs.org/spcket.io
28 verbose headers { server: 'CouchDB/1.5.0 (Erlang OTP/R16B03)',
28 verbose headers   'content-type': 'application/json',
28 verbose headers   'cache-control': 'max-age=0',
28 verbose headers   'content-length': '51',
28 verbose headers   'accept-ranges': 'bytes',
28 verbose headers   date: 'Sun, 05 Jul 2015 13:48:06 GMT',
28 verbose headers   via: '1.1 varnish',
28 verbose headers   age: '0',
28 verbose headers   connection: 'keep-alive',
28 verbose headers   'x-served-by': 'cache-hkg6827-HKG',
28 verbose headers   'x-cache': 'MISS',
28 verbose headers   'x-cache-hits': '0',
28 verbose headers   'x-timer': 'S1436104086.317693,VS0,VE669' }
29 silly registry.get cb [ 404,
29 silly registry.get   { server: 'CouchDB/1.5.0 (Erlang OTP/R16B03)',
29 silly registry.get     'content-type': 'application/json',
29 silly registry.get     'cache-control': 'max-age=0',
29 silly registry.get     'content-length': '51',
29 silly registry.get     'accept-ranges': 'bytes',
29 silly registry.get     date: 'Sun, 05 Jul 2015 13:48:06 GMT',
29 silly registry.get     via: '1.1 varnish',
29 silly registry.get     age: '0',
29 silly registry.get     connection: 'keep-alive',
29 silly registry.get     'x-served-by': 'cache-hkg6827-HKG',
29 silly registry.get     'x-cache': 'MISS',
29 silly registry.get     'x-cache-hits': '0',
29 silly registry.get     'x-timer': 'S1436104086.317693,VS0,VE669' } ]
30 silly lockFile c30a6d2e-spcket-io spcket.io@
31 silly lockFile c30a6d2e-spcket-io spcket.io@
32 error 404 404 Not Found: spcket.io
32 error 404
32 error 404 'spcket.io' is not in the npm registry.
32 error 404 You should bug the author to publish it
32 error 404 It was specified as a dependency of 'chat'
32 error 404
32 error 404 Note that you can also install from a
32 error 404 tarball, folder, or http url, or git url.
33 error System Windows_NT 6.1.7601
34 error command "C:\\Program Files\\nodejs\\\\node.exe" "C:\\Program Files\\nodejs\\node_modules\\npm\\bin\\npm-cli.js" "install" "spcket.io" "--save"
35 error cwd D:\Repositories\Dintern\ChatRoom\bin
36 error node -v v0.10.33
37 error npm -v 1.4.28
38 error code E404
39 verbose exit [ 1, true ]
